<?xml version="1.0" encoding="UTF-8"?>
<!-- Generated by org.testng.reporters.JUnitXMLReporter -->
<testsuite hostname="TestingPC-5" name="Test" tests="5" failures="0" timestamp="5 Jan 2021 05:46:09 GMT" time="720.63" errors="0">
  <testcase name="@AfterClass flushTest" time="0.0" classname="epicList_Chrome.AllClassCalling_Enterprise_Licenses">
    <failure type="java.lang.RuntimeException" message="javax.mail.MessagingException: IOException while sending message;
  nested exception is:
	java.io.FileNotFoundException: E:\Automation\BO\reports.html (The system cannot find the path specified)">
      <![CDATA[java.lang.RuntimeException: javax.mail.MessagingException: IOException while sending message;
  nested exception is:
	java.io.FileNotFoundException: E:\Automation\BO\reports.html (The system cannot find the path specified)
	at epicList_Chrome.SendMail.snedMailWithAttachment(SendMail.java:136)
	at epicList_Chrome.AllClassCalling_Enterprise_Licenses.flushTest(AllClassCalling_Enterprise_Licenses.java:31)
Caused by: javax.mail.MessagingException: IOException while sending message;
  nested exception is:
	java.io.FileNotFoundException: E:\Automation\BO\reports.html (The system cannot find the path specified)
	at com.sun.mail.smtp.SMTPTransport.sendMessage(SMTPTransport.java:1244)
	at javax.mail.Transport.send0(Transport.java:254)
	at javax.mail.Transport.send(Transport.java:124)
	at epicList_Chrome.SendMail.snedMailWithAttachment(SendMail.java:130)
	... 25 more
Caused by: java.io.FileNotFoundException: E:\Automation\BO\reports.html (The system cannot find the path specified)
	at java.io.FileInputStream.open0(Native Method)
	at java.io.FileInputStream.open(FileInputStream.java:195)
	at java.io.FileInputStream.<init>(FileInputStream.java:138)
	at javax.activation.FileDataSource.getInputStream(FileDataSource.java:97)
	at javax.activation.DataHandler.writeTo(DataHandler.java:305)
	at javax.mail.internet.MimeBodyPart.writeTo(MimeBodyPart.java:1608)
	at javax.mail.internet.MimeBodyPart.writeTo(MimeBodyPart.java:961)
	at javax.mail.internet.MimeMultipart.writeTo(MimeMultipart.java:553)
	at com.sun.mail.handlers.multipart_mixed.writeTo(multipart_mixed.java:103)
	at javax.activation.ObjectDataContentHandler.writeTo(DataHandler.java:889)
	at javax.activation.DataHandler.writeTo(DataHandler.java:317)
	at javax.mail.internet.MimeBodyPart.writeTo(MimeBodyPart.java:1608)
	at javax.mail.internet.MimeMessage.writeTo(MimeMessage.java:1849)
	at com.sun.mail.smtp.SMTPTransport.sendMessage(SMTPTransport.java:1196)
	... 28 more
... Removed 24 stack frames]]>
    </failure>
  </testcase> <!-- @AfterClass flushTest -->
  <testcase name="login" time="86.335" classname="epicList_Chrome.AllClassCalling_Enterprise_Licenses"/>
  <testcase name="Enterprise_Licenses" time="57.452" classname="epicList_Chrome.AllClassCalling_Enterprise_Licenses"/>
  <testcase name="Enterprise_License_Settings" time="519.979" classname="epicList_Chrome.AllClassCalling_Enterprise_Licenses"/>
  <testcase name="Enterprise_Developer_API_Key" time="36.314" classname="epicList_Chrome.AllClassCalling_Enterprise_Licenses"/>
  <testcase name="logout" time="12.767" classname="epicList_Chrome.AllClassCalling_Enterprise_Licenses"/>
</testsuite> <!-- Test -->
